p/1580489800942.png 1 0 0 37 50
p/1580489800944.png 1 0 0 37 50
p/1580489800946.png 1 0 0 37 50
p/1580489800949.png 1 0 0 37 50
p/1580489800951.png 1 0 0 37 50
p/1580489800953.png 1 0 0 37 50
p/1580489800956.png 1 0 0 37 50
p/1580489800958.png 1 0 0 37 50
p/1580489800960.png 1 0 0 37 50
p/1580489800963.png 1 0 0 37 50
p/1580489800965.png 1 0 0 37 50
p/1580489800966.png 1 0 0 37 50
p/1580489800969.png 1 0 0 37 50
p/1580489800972.png 1 0 0 37 50
p/1580489800974.png 1 0 0 37 50
p/1580489800979.png 1 0 0 37 50
p/1580489800981.png 1 0 0 37 50
p/1580489800983.png 1 0 0 37 50
p/1580489800986.png 1 0 0 37 50
p/1580489800988.png 1 0 0 37 50
p/1580489800990.png 1 0 0 37 50
p/1580489800993.png 1 0 0 37 50
p/1580489800995.png 1 0 0 37 50
p/1580489800997.png 1 0 0 37 50
p/1580489801000.png 1 0 0 37 50
p/1580489801002.png 1 0 0 37 50
p/1580489801004.png 1 0 0 37 50
p/1580489801006.png 1 0 0 37 50
p/1580489801009.png 1 0 0 37 50
p/1580489801010.png 1 0 0 37 50
p/1580489801013.png 1 0 0 37 50
p/1580489801015.png 1 0 0 37 50
p/1580489801017.png 1 0 0 37 50
p/1580489801021.png 1 0 0 37 50
p/1580489801023.png 1 0 0 37 50
p/1580489801025.png 1 0 0 37 50
p/1580489801027.png 1 0 0 37 50
p/1580489801029.png 1 0 0 37 50
p/1580489801031.png 1 0 0 37 50
p/1580489801034.png 1 0 0 37 50
p/1580489801036.png 1 0 0 37 50
p/1580489801038.png 1 0 0 37 50
p/1580489801041.png 1 0 0 37 50
p/1580489801043.png 1 0 0 37 50
p/1580489801045.png 1 0 0 37 50
p/1580489801047.png 1 0 0 37 50
p/1580489801049.png 1 0 0 37 50
p/1580489801051.png 1 0 0 37 50
p/1580489801054.png 1 0 0 37 50
p/1580489801057.png 1 0 0 37 50
p/1580489801060.png 1 0 0 37 50
p/1580489801063.png 1 0 0 37 50
p/1580489801065.png 1 0 0 37 50
p/1580489801066.png 1 0 0 37 50
p/1580489801069.png 1 0 0 37 50
p/1580489801072.png 1 0 0 37 50
p/1580489801074.png 1 0 0 37 50
p/1580489801077.png 1 0 0 37 50
p/1580489801081.png 1 0 0 37 50
p/1580489801083.png 1 0 0 37 50
p/1580489801086.png 1 0 0 37 50
p/1580489801088.png 1 0 0 37 50
p/1580489801090.png 1 0 0 37 50
p/1580489801093.png 1 0 0 37 50
p/1580489801095.png 1 0 0 37 50
p/1580489801097.png 1 0 0 37 50
p/1580489801100.png 1 0 0 37 50
p/1580489801102.png 1 0 0 37 50
p/1580489801105.png 1 0 0 37 50
p/1580489801108.png 1 0 0 37 50
p/1580489801110.png 1 0 0 37 50
p/1580489801112.png 1 0 0 37 50
p/1580489801115.png 1 0 0 37 50
p/1580489801117.png 1 0 0 37 50
p/1580489801119.png 1 0 0 37 50
p/1580489801122.png 1 0 0 37 50
p/1580489801124.png 1 0 0 37 50
p/1580489801126.png 1 0 0 37 50
p/1580489801129.png 1 0 0 37 50
p/1580489801131.png 1 0 0 37 50
p/1580489801133.png 1 0 0 37 50
p/1580489801136.png 1 0 0 37 50
p/1580489801138.png 1 0 0 37 50
p/1580489801140.png 1 0 0 37 50
p/1580489801143.png 1 0 0 37 50
p/1580489801145.png 1 0 0 37 50
p/1580489801147.png 1 0 0 37 50
p/1580489801150.png 1 0 0 37 50
p/1580489801152.png 1 0 0 37 50
p/1580489801154.png 1 0 0 37 50
p/1580489801157.png 1 0 0 37 50
p/1580489801159.png 1 0 0 37 50
p/1580489801161.png 1 0 0 37 50
p/1580489801164.png 1 0 0 37 50
p/1580489801166.png 1 0 0 37 50
p/1580489801168.png 1 0 0 37 50
p/1580489801172.png 1 0 0 37 50
p/1580489801174.png 1 0 0 37 50
p/positiv.png 1 0 0 37 50